=== Freshco Flyer Fetch — 2026-04-02 ===
Run started : 2026-04-02 23:51:19 UTC

Loaded 164 stores from data/freshco/stores.json

Stores loaded: 164
Phase 1: fetching publications per store…

  [2908] Carleton Place Lansdowne → ['7862137', '7830339']
  [2910] Hwy 2 &#038; Kendalwood → ['7862137', '7830339']
  [2912] Trafalgar & Highbury → ['7862137', '7830339']
  [2916] Brant & Upper Middle → ['7862137', '7830339']
  [2917] Queen & Gladstone → ['7862137', '7830339']
  [3313] Bathurst & Rutherford → ['7862137', '7830341']
  [3315] Sherbourne & Isabella → ['7862137', '7830339']
  [3811] Kalar & Lundy&#8217;s Lane → ['7868618', '7830339']
  [3815] Rymal &#038; Upper Gage → ['7862137', '7830339']
  [3816] Airport & Countryside → no new flyers
  [3817] Winchester & Simcoe → ['7862137', '7830339']
  [3820] Bathurst & Nassau → ['7868618', '7830339']
  [3821] Brock &#038; George → ['7862137', '7830339']
  [3822] Broadway &#038; Dawson → ['7862137', '7830339']
  [3823] Jane & Denison GO → ['7862137', '7830339']
  [3834] Hwy 56 &#038; Maggie Johnson → ['7862137', '7830339']
  [3837] Cottrelle & Hwy 50 Chalo! FreshCo → no new flyers
  [3838] Dundas & Runnymede → ['7862137', '7830339']
  [3839] Bank & Findlay Creek → ['7862137', '7830339']
  [3844] Guelph & Sinclair → ['7868618', '7830339']
  [3846] Major Mackenzie & Weston → ['7868618', '7830339']
  [3847] Speedvale &#038; Stevenson → ['7862137', '7830339']
  [3849] Don Mills & Helen Lu → no new flyers
  [3850] Leslie & Lake Shore → ['7862137', '7830339']
  [3853] Market & Icomm → ['7868618', '7830339']
  [3856] Dufferin & Dupont → ['7862137', '7830339']
  [3857] Bovaird & Conestoga → ['7862137', '7830339']
  [3859] Dixie & Dundas → ['7862137', '7830339']
  [3860] Chalo Mississauga & Financial Drive → no new flyers
  [3861] Hwy 12 &#038; 7 → ['7862137', '7830339']
  [3865] Kingston Road &#038; Whites → ['7862137', '7830339']
  [3867] McArthur & Lafontaine → ['7862137', '7830339']
  [3875] McCowan & Bur Oak → ['7868618', '7830339']
  [3876] McCowan &#038; Ellesmere → ['7862137', '7830339']
  [3879] Sherbourne and Isabella → no new flyers
  [3881] Barton & Strathearne → ['7862137', '7830339']
  [3883] Brock & Gilbert → ['7862137', '7830339']
  [3886] FreshCo Orleans → ['7862137', '7830339']
  [3887] Bramalea & Sandalwood Chalo! FreshCo → no new flyers
  [3889] Queen & McLaughlin → no new flyers
  [3892] Longworth & Scugog → ['7862137', '7830339']
  [3894] Milton → ['7862137', '7830339']
  [3902] St. David & Gordon Freshco → ['7862137', '7830339']
  [4013] FreshCo Huntsville Paisley → ['7862137', '7830339']
  [4014] Owen Sound → ['7862137', '7830339']
  [4015] Taunton → ['7862137', '7830339']
  [4354] FreshCo Evanston → ['7871120', '7830353']
  [4647] 9541-FreshCo Red Deer → ['7861522', '7830353']
  [4648] Ogden → ['7871120', '7830353']
  [8926] 5275 48 Avenue → ['7861522', '7830353']
  [8929] FreshCo Heritage → ['7861522', '7830353']
  [8932] Broadmoor Fresh Co WEST → ['7871120', '7830353']
  [8933] Newton Chalo Fresh Co WEST → no new flyers
  [8934] Lougheed Hwy WEST → ['7871120', '7830353']
  [8936] Kildonan Crossing → ['7871120', '7830353']
  [8937] Jefferson McPhilips WEST → ['7871120', '7830353']
  [8938] Aldergrove → ['7871120', '7830353']
  [8939] Yale Road → ['7871120', '7830353']
  [8940] 20201 Lougheed Hwy → ['7871120', '7830353']
  [8942] Tretheway & S Fraser Way Chalo FreshCo → no new flyers
  [8943] Cariboo Hwy & 5 St. FreshCo → ['7861522', '7830353']
  [8945] Kamloops → ['7871120', '7830353']
  [8946] Kelowna → ['7871120', '7830353']
  [8947] Vernon → ['7871120', '7830353']
  [8948] Powell River → ['7871120', '7830353']
  [8949] Regina → ['7871120', '7830353']
  [8950] Confederation → ['7871120', '7830353']
  [8952] Freshco Market Mall → ['7871120', '7830353']
  [8954] Niakwa FreshCo → ['7871120', '7830353']
  [8955] Pembina FreshCo → ['7871120', '7830353']
  [8956] Henderson FreshCo → ['7861522', '7830353']
  [8958] Chalo Tamarack → no new flyers
  [8962] Brentwood → ['7861522', '7830353']
  [8963] Millbourne - Edmonton → ['7871120', '7830353']
  [8964] Chalo Saddletowne → no new flyers
  [8965] Thunder Bay Fresh Co WEST → ['7868618', '7861522', '7830353']
  [8966] Chalo FreshCo Cornerstone → no new flyers
  [8968] FRESHCO Coliseum → ['7871120', '7830353']
  [8971] Jasper Gates → ['7871120', '7830353']
  [8973] Edgemount → ['7861522', '7830353']
  [8974] Medicine Hat FreshCo → ['7871120', '7830353']
  [8975] Blundell & No 2 FreshCo WEST → ['7871120', '7830353']
  [9543] University & Bridge → ['7862137', '7830339']
  [9544] Eglinton & Gabian Way → ['7862137', '7830339']
  [9547] Weber & Franklin → ['7862137', '7830339']
  [9548] Barton & Gage → ['7862137', '7830339']
  [9550] Steeles & Bathurst → ['7868618', '7830341']
  [9553] Spence & Blvd Cartier → ['7862138', '7830340']
  [9554] FreshCo Manning Village → ['7861522', '7830353']
  [9557] Okotoks FreshCo → ['7861522', '7830353']
  [9559] FreshCo Chestermere → no new flyers
  [9560] Queensway & Glenwoods → no new flyers
  [9561] Centre &#038; McCulloch → ['7862137', '7830339']
  [9562] Talbot & First → ['7862137', '7830339']
  [9563] Upper Middle & Walker&#8217;s Line → ['7862137', '7830339']
  [9564] Hespeler & Dundas → ['7868618', '7830339']
  [9571] Merivale & Meadowlands → ['7862137', '7830339']
  [9572] Dundas & Erindale Station → ['7862137', '7830339']
  [9575] Bramalea City Centre Mall → ['7862137', '7830339']
  [9576] King &#038; Townline → ['7862137', '7830339']
  [9577] Lansdowne &#038; The Parkway → ['7862137', '7830339']
  [9578] Young & Industrial Pkwy → ['7862137', '7830339']
  [9579] Queenston &#038; Nash → ['7862137', '7830339']
  [9581] FreshCo Cambridge → ['7862137', '7830339']
  [9582] FreshCo Sargent → ['7861522', '7830353']
  [9586] Gateway Village - St. Albert → ['7861522', '7830353']
  [9587] King & Wilson → ['7862137', '7830339']
  [9588] FreshCo Glenridding Wst → ['7861522', '7830353']
  [9590] Cobblestone - Grande Prairie → ['7861522', '7830353']
  [9594] Bayfield &#038; Livingstone → ['7862137', '7830339']
  [9611] Thomas & 10th Chalo Freshco → no new flyers
  [9612] Chalo Chinguacousy test → no new flyers
  [9615] Cann &#038; Chaffey → no new flyers
  [9616] Williams Lake → ['7871120', '7830353']
  [9617] Parliament & Dundas → ['7862137', '7830339']
  [9619] Albert Street → ['7861522', '7830353']
  [9620] Robertson & Moodie → ['7862137', '7830339']
  [9622] Strawberry Hill CHALO Fresh Co WEST → no new flyers
  [9623] Frontier → ['7861522', '7830353']
  [9627] Mayfair → ['7861522', '7830353']
  [9628] FreshCo Waterdown → no new flyers
  [9632] Hurontario & Dundas → ['7862137', '7830339']
  [9633] Erie Street → ['7862137', '7830339']
  [9635] Pallisades - Edmonton → ['7871120', '7830353']
  [9636] 9636-FreshCo FT MACMURRAY → ['7861522', '7830353']
  [9637] Calgary Whitehorn → ['7861522', '7830353']
  [9640] Wentworth & Cedar → ['7862137', '7830339']
  [9643] Don Mills & Helen Lu → ['7862137', '7830339']
  [9644] Queensway & Glenwoods → ['7862137', '7830339']
  [9645] FreshCo Mapleview Drive Barrie → no new flyers
  [9653] FreshCo Homer Watson → ['7862137', '7830339']
  [9654] Tecumseh & McDougall → ['7862137', '7830339']
  [9658] Bloor & Dundas → ['7862137', '7830339']
  [9662] Lawrence & Midland → ['7868618']
  [9665] Ninth & Marlborough → ['7868618', '7830339']
  [9674] Main & Jasperson → ['7862137', '7830339']
  [9677] North Front & Tracey → ['7862137', '7830339']
  [9679] Gerrard & Victoria Park → ['7868618', '7830339']
  [9689] Strandherd & Cresthaven → ['7862137', '7830339']
  [9690] Upper Gage &#038; Fennell → ['7862137', '7830339']
  [9693] Chalo Goreway & Derry → no new flyers
  [9694] Lewis Estates → ['7861522', '7830353']
  [9698] Tecumseh & Rivard → ['7862137', '7830339']
  [9705] Glen Erin &#038; Britannia → ['7862137', '7830339']
  [9712] Third Line &#038; Dundas → ['7862137', '7830339']
  [9718] Ontario &#038; Southworth → ['7862137', '7830339']
  [9731] Ontario & Carlton → ['7862137', '7830339']
  [9732] Malden &#038; Delmar → ['7862137', '7830339']
  [9736] Westmount & Ottawa → ['7862137', '7830339']
  [9745] Bunting & Welland → ['7862137', '7830339']
  [9748] Major Mackenzie & Leslie → ['7868618', '7830339']
  [9755] Adelaide & Huron → ['7862137', '7830339']
  [9760] Wonderland &#038; Pine Valley → ['7862137', '7830339']
  [9762] Trout Lake & Connaught → ['7862137', '7830339']
  [9766] Ontario &#038; Dundas → ['7862137', '7830339']
  [9772] Princess & Andersen → ['7868618', '7830339']
  [9778] Jane & Finch → ['7862137', '7830339']
  [9822] Huron Church & Tecumseh → ['7862137', '7830339']
  [9862] Wyandotte & Frank → ['7862137', '7830339']
  [9863] Commissioners &#038; Wellington → ['7862137', '7830339']
  [9876] Dundas & Main → ['7862137', '7830339']
  [9884] Bramalea City Centre → no new flyers
  [9887] Mountain &#038; First → ['7862137', '7830339']
  [9888] Chinguacousy & Sandalwood → ['7862137', '7830339']

  284 new publication entries across 164 stores
  9 unique new publication(s) to download
  Saved → data/freshco/store_flyers.json  (339,506 bytes)
New publication entries added to store_flyers.json: 284
Unique new publications to download: 9

Phase 2: fetching products for each new publication…

  [7862137] Flyer  (2026-04-02T00:00:00-04:00 → 2026-04-08T23:59:59-04:00)
    196 products
  Saved → data/freshco/flyers/7862137.json  (416,672 bytes)
  [7830339] Special Promotion  (2026-03-19T00:00:00-04:00 → 2026-04-29T23:59:59-04:00)
    38 products
  Saved → data/freshco/flyers/7830339.json  (81,010 bytes)
  [7830341] Special Promotion  (2026-03-19T00:00:00-04:00 → 2026-04-29T23:59:59-04:00)
    38 products
  Saved → data/freshco/flyers/7830341.json  (81,010 bytes)
  [7868618] Flyer  (2026-04-02T00:00:00-04:00 → 2026-04-08T23:59:59-04:00)
    196 products
  Saved → data/freshco/flyers/7868618.json  (416,672 bytes)
  [7871120] Weekly West  (2026-04-02T03:00:00-04:00 → 2026-04-08T23:59:59-04:00)
    191 products
  Saved → data/freshco/flyers/7871120.json  (406,817 bytes)
  [7830353] Special Promotion  (2026-03-19T03:00:00-04:00 → 2026-04-29T23:59:59-04:00)
    37 products
  Saved → data/freshco/flyers/7830353.json  (78,609 bytes)
  [7861522] Weekly West  (2026-04-02T03:00:00-04:00 → 2026-04-08T23:59:59-04:00)
    191 products
  Saved → data/freshco/flyers/7861522.json  (406,817 bytes)
  [7862138] Flyer  (2026-04-02T00:00:00-04:00 → 2026-04-08T23:59:59-04:00)
    197 products
  Saved → data/freshco/flyers/7862138.json  (419,246 bytes)
  [7830340] Special Promotion  (2026-03-19T00:00:00-04:00 → 2026-04-29T23:59:59-04:00)
    38 products
  Saved → data/freshco/flyers/7830340.json  (81,010 bytes)

── Phase 2 results ──────────────────────────────────────────────────
  Downloaded : 9
  Skipped    : 0  (file already existed)
  Errors     : 0

Run completed: 2026-04-02 23:51:41 UTC
Elapsed      : 0m 22s


Done.  Verbose log → logs/freshco/2026-04-02_verbose.log
       Summary log → logs/freshco/2026-04-02_summary.log

