=== No Frills Flyer Fetch — 2026-04-02 ===
Run started : 2026-04-02 01:55:38 UTC

Stores loaded: 220
=== No Frills Flyer Fetch — 2026-04-02 ===
Run started : 2026-04-02 02:10:17 UTC

Stores loaded: 373
New publication entries added to store_flyers.json: 677
Unique new publications to download: 109

── Phase 2 results ────────────────────────────────────────────────
  Downloaded : 109
  Skipped    : 0  (file already existed)
  Errors     : 0

Run completed: 2026-04-02 02:11:22 UTC
Elapsed      : 1m 4s

=== No Frills Flyer Fetch — 2026-04-02 ===
Run started : 2026-04-02 03:18:15 UTC

Stores loaded: 373
New publication entries added to store_flyers.json: 0
Unique new publications to download: 0

── Phase 2 results ──────────────────────────────────────────────────
  Downloaded : 0
  Skipped    : 0  (file already existed)
  Errors     : 0

Run completed: 2026-04-02 03:19:01 UTC
Elapsed      : 0m 46s

=== No Frills Flyer Fetch — 2026-04-02 ===
Run started : 2026-04-02 03:43:57 UTC

Stores loaded: 373
New publication entries added to store_flyers.json: 0
Unique new publications to download: 0

── Phase 2 results ──────────────────────────────────────────────────
  Downloaded : 0
  Skipped    : 0  (file already existed)
  Errors     : 0

Run completed: 2026-04-02 03:44:43 UTC
Elapsed      : 0m 46s

