=== Loblaws Flyer Fetch — 2026-04-02 ===
Run started : 2026-04-02 03:18:09 UTC

Stores loaded: 50
New publication entries added to store_flyers.json: 0
Unique new publications to download: 0

── Phase 2 results ──────────────────────────────────────────────────
  Downloaded : 0
  Skipped    : 0  (file already existed)
  Errors     : 0

Run completed: 2026-04-02 03:18:15 UTC
Elapsed      : 0m 6s

=== Loblaws Flyer Fetch — 2026-04-02 ===
Run started : 2026-04-02 03:43:50 UTC

Stores loaded: 50
New publication entries added to store_flyers.json: 0
Unique new publications to download: 0

── Phase 2 results ──────────────────────────────────────────────────
  Downloaded : 0
  Skipped    : 0  (file already existed)
  Errors     : 0

Run completed: 2026-04-02 03:43:57 UTC
Elapsed      : 0m 6s

=== Loblaws Flyer Fetch — 2026-04-02 ===
Run started : 2026-04-02 22:46:20 UTC

Stores loaded: 50
New publication entries added to store_flyers.json: 0
Unique new publications to download: 0

── Phase 2 results ──────────────────────────────────────────────────
  Downloaded : 0
  Skipped    : 0  (file already existed)
  Errors     : 0

Run completed: 2026-04-02 22:46:27 UTC
Elapsed      : 0m 6s

