=== Metro Ontario Flyer Fetch — 2026-04-03 ===
Run started : 2026-04-03 00:38:56 UTC

Stores loaded: 133
New flyer entries added to store_flyers.json : 133
Unique new jobs to download                  : 1

── Phase 2 results ──────────────────────────────────────────────────
  Downloaded : 1
  Skipped    : 0  (file already existed)
  Errors     : 0

Run completed : 2026-04-03 00:39:19 UTC
Elapsed       : 0m 23s

=== Metro Ontario Flyer Fetch — 2026-04-03 ===
Run started : 2026-04-03 02:50:07 UTC

Stores loaded: 133
New flyer entries added to store_flyers.json : 0
Unique new jobs to download                  : 0

── Phase 2 results ──────────────────────────────────────────────────
  Downloaded : 0
  Skipped    : 0  (file already existed)
  Errors     : 0

Run completed: 2026-04-03 02:50:34 UTC
Elapsed      : 0m 27s

