=== Super C Flyer Fetch — 2026-04-03 ===
Run started : 2026-04-03 00:39:49 UTC

Stores loaded: 120
New flyer entries added to store_flyers.json : 120
Unique new jobs to download                  : 1

── Phase 2 results ──────────────────────────────────────────────────
  Downloaded : 1
  Skipped    : 0  (file already existed)
  Errors     : 0

Run completed : 2026-04-03 00:40:10 UTC
Elapsed       : 0m 21s

=== Super C Flyer Fetch — 2026-04-03 ===
Run started : 2026-04-03 02:51:09 UTC

Stores loaded: 120
New flyer entries added to store_flyers.json : 0
Unique new jobs to download                  : 0

── Phase 2 results ──────────────────────────────────────────────────
  Downloaded : 0
  Skipped    : 0  (file already existed)
  Errors     : 0

Run completed: 2026-04-03 02:51:33 UTC
Elapsed      : 0m 23s

